[12:57:25.737] [INFO] storybook v10.4.0
[12:57:26.028] [DEBUG] Getting package.json info for /Users/izabela.horodenska/content-supply-chain/content-supply-chain/package.json...
[12:57:26.066] [ERROR] [38;2;241;97;97mSB_CORE-SERVER_0002 (CriticalPresetLoadError): Storybook failed to load the following preset: @storybook/html-vite/preset.

Please check whether your setup is correct, the Storybook dependencies (and their peer dependencies) are installed correctly and there are no package version clashes.

If you believe this is a bug, please open an issue on Github.

Error [ERR_MODULE_NOT_FOUND]: Cannot find package '@storybook/html-vite' imported from ./node_modules/storybook/dist/_node-chunks/chunk-EGC27Z5J.js
    at packageResolve (node:internal/modules/esm/resolve:873:9)
    at moduleResolve (node:internal/modules/esm/resolve:946:18)
    at defaultResolve (node:internal/modules/esm/resolve:1188:11)
    at nextResolve (node:internal/modules/esm/hooks:864:28)
    at Hooks.resolve (node:internal/modules/esm/hooks:306:30)
    at MessagePort.handleMessage (node:internal/modules/esm/worker:196:24)
    at [nodejs.internal.kHybridDispatch] (node:internal/event_target:831:20)
    at MessagePort.<anonymous> (node:internal/per_context/messageport:23:28)

More info: 
[39m
    at loadPreset (file://./node_modules/storybook/dist/_node-chunks/chunk-WKCYHYMS.js:9157:13)
    at async Promise.all (index 0)
    at async loadPresets (file://./node_modules/storybook/dist/_node-chunks/chunk-WKCYHYMS.js:9166:73)
    at async getPresets (file://./node_modules/storybook/dist/_node-chunks/chunk-WKCYHYMS.js:9197:23)
    at async buildDevStandalone (file://./node_modules/storybook/dist/core-server/index.js:19412:52)
    at async withTelemetry (file://./node_modules/storybook/dist/_node-chunks/chunk-OQIYQ5CW.js:655:12)
    at async dev (file://./node_modules/storybook/dist/bin/core.js:2736:3)
    at async _Command.<anonymous> (file://./node_modules/storybook/dist/bin/core.js:2806:92)
[12:57:26.071] [WARN] Broken build, fix the error above.
You may need to refresh the browser.